{"C:\\Users\\AKUT\\Documents\\web_development\\unit_testing_course\\alex_dan\\tstestcourse\\src\\app\\Utils.ts": {"path":"C:\\Users\\AKUT\\Documents\\web_development\\unit_testing_course\\alex_dan\\tstestcourse\\src\\app\\Utils.ts","statementMap":{"0":{"start":{"line":30,"column":9},"end":{"line":30,"column":20}},"1":{"start":{"line":30,"column":22},"end":{"line":30,"column":35}},"2":{"start":{"line":3,"column":2},"end":{"line":3,"column":48}},"3":{"start":{"line":3,"column":12},"end":{"line":3,"column":48}},"4":{"start":{"line":4,"column":2},"end":{"line":4,"column":26}},"5":{"start":{"line":1,"column":0},"end":{"line":1,"column":13}},"6":{"start":{"line":17,"column":1},"end":{"line":23,"column":3}},"7":{"start":{"line":27,"column":1},"end":{"line":27,"column":28}}},"fnMap":{"0":{"name":"(anonymous_0)","decl":{"start":{"line":2,"column":8},"end":{"line":2,"column":19}},"loc":{"start":{"line":2,"column":31},"end":{"line":5,"column":2}}},"1":{"name":"getStringInfo","decl":{"start":{"line":16,"column":9},"end":{"line":16,"column":22}},"loc":{"start":{"line":16,"column":36},"end":{"line":24,"column":1}}},"2":{"name":"toUpperCase","decl":{"start":{"line":26,"column":9},"end":{"line":26,"column":20}},"loc":{"start":{"line":26,"column":34},"end":{"line":28,"column":1}}}},"branchMap":{"0":{"loc":{"start":{"line":3,"column":2},"end":{"line":3,"column":48}},"type":"if","locations":[{"start":{"line":3,"column":2},"end":{"line":3,"column":48}}]}},"s":{"0":1,"1":1,"2":5,"3":3,"4":2,"5":1,"6":5,"7":6},"f":{"0":5,"1":5,"2":6},"b":{"0":[3]}}
}
